********************************************************************************
DUPLICATOR-LITE PACKAGE-LOG: 26 July, 2018 11:40 pm
NOTICE: Do NOT post to public sites or forums 
********************************************************************************
VERSION:	1.2.40
WORDPRESS:	4.9.7
PHP INFO:	7.2.1 | SAPI: apache2handler
SERVER:		Apache/2.2.34 (Unix) mod_wsgi/3.5 Python/2.7.13 PHP/7.2.1 mod_ssl/2.2.34 OpenSSL/1.0.2j DAV/2 mod_fastcgi/2.4.6 mod_perl/2.0.9 Perl/v5.24.0 
PHP TIME LIMIT: (0) no time limit imposed 
PHP MAX MEMORY: 2048M (256M default) 
MEMORY STACK: 18.25MB 

********************************************************************************
DATABASE:
********************************************************************************
BUILD MODE:   PHP(query limit - 100)
MYSQLTIMEOUT: 5000
MYSQLDUMP:    Not Supported 
TABLES: total:15 | filtered:0 | create:15 
FILTERED: [] 
SQL CREATED: duplicator_kleaner_0bf1fbab3ea3c6644363180726234045_database.sql 
SQL FILE SIZE: 962.25KB (985343) 
SQL FILE TIME: 2018-07-26 23:40:59 
SQL RUNTIME: 0.19 sec. 

******************************************************************************** 
ARCHIVE (ZIP): 
******************************************************************************** 
ARCHIVE DIR:  /Users/josefalopezu/Desktop/desafiolatam/wordpress-kleaner 
ARCHIVE FILE: duplicator_kleaner_0bf1fbab3ea3c6644363180726234045_archive.zip 
FILTERS: *OFF* 
DIRS:
	not set 
FILES:
	not set 
EXTS:  not set 
---------------------------------------- 
COMPRESSING 
SIZE:	54.23MB 
STATS:	Dirs 377 | Files 3,047 
SQL ADDED: duplicator_kleaner_0bf1fbab3ea3c6644363180726234045_database.sql 
ZipArchive Object
(
    [status] => 0
    [statusSys] => 0
    [numFiles] => 3424
    [filename] => /Users/josefalopezu/Desktop/desafiolatam/wordpress-kleaner/wp-snapshots/tmp/duplicator_kleaner_0bf1fbab3ea3c6644363180726234045_archive.zip
    [comment] => 
)
 
COMPRESSION RESULT: '1' 
COMPRESSED SIZE: 20.1MB 
ARCHIVE RUNTIME: 14.26 sec. 
MEMORY STACK: 18.25MB 

******************************************************************************** 
MAKE INSTALLER: 
******************************************************************************** 
Build Start 
Build Finished 
Preping for use 
PACK SIZE:  
Template parsed with new data 
Complete [/Users/josefalopezu/Desktop/desafiolatam/wordpress-kleaner/wp-snapshots/tmp/duplicator_kleaner_0bf1fbab3ea3c6644363180726234045_installer.php] 
Added to archive 

******************************************************************************** 
INTEGRITY CHECKS: 
******************************************************************************** 
SQL File: 962.25KB 
Installer File: 445.89KB 
Archive File: 20.1MB  

********************************************************************************
RECORD ID:[1]
TOTAL PROCESS RUNTIME: 15.15 sec.
PEAK PHP MEMORY USED: 20.25MB
DONE PROCESSING => duplicator_kleaner 26 July, 2018 11:41 pm
 
